[2023-06-21 15:08:41,413] multiqc                                            [DEBUG  ]  This is MultiQC v1.14
[2023-06-21 15:08:41,414] multiqc                                            [DEBUG  ]  Command used: C:\Users\Mahahax\AppData\Local\Programs\Python\Python310\Scripts\multiqc .
[2023-06-21 15:08:41,812] multiqc                                            [DEBUG  ]  Latest MultiQC version is v1.14
[2023-06-21 15:08:41,812] multiqc                                            [DEBUG  ]  Working dir : D:\Uni\Tübingen\A07\material\Task 3c
[2023-06-21 15:08:41,812] multiqc                                            [DEBUG  ]  Template    : default
[2023-06-21 15:08:41,812] multiqc                                            [DEBUG  ]  Running Python 3.10.1 (tags/v3.10.1:2cd268a, Dec  6 2021, 19:10:37) [MSC v.1929 64 bit (AMD64)]
[2023-06-21 15:08:41,813] multiqc                                            [DEBUG  ]  Analysing modules: custom_content, ccs, ngsderive, purple, conpair, lima, peddy, somalier, methylQA, mosdepth, phantompeakqualtools, qualimap, preseq, hifiasm, quast, qorts, rna_seqc, rockhopper, rsem, rseqc, busco, bustools, goleft_indexcov, gffcompare, disambiguate, supernova, deeptools, sargasso, verifybamid, mirtrace, happy, mirtop, sambamba, gopeaks, homer, hops, macs2, theta2, snpeff, gatk, htseq, bcftools, featureCounts, fgbio, dragen, dragen_fastqc, dedup, pbmarkdup, damageprofiler, biobambam2, jcvi, mtnucratio, picard, vep, sentieon, prokka, qc3C, nanostat, samblaster, samtools, sexdeterrmine, eigenstratdatabasetools, bamtools, jellyfish, vcftools, longranger, stacks, varscan2, snippy, umitools, bbmap, bismark, biscuit, diamond, hicexplorer, hicup, hicpro, salmon, kallisto, slamdunk, star, hisat2, tophat, bowtie2, bowtie1, cellranger, snpsplit, odgi, pangolin, nextclade, humid, kat, leehom, adapterRemoval, bbduk, clipandmerge, cutadapt, flexbar, kaiju, kraken, malt, motus, trimmomatic, sickle, skewer, sortmerna, biobloomtools, fastq_screen, afterqc, fastp, fastqc, filtlong, prinseqplusplus, pychopper, porechop, pycoqc, minionqc, anglerfish, multivcfanalyzer, clusterflow, checkqc, bcl2fastq, bclconvert, interop, ivar, flash, seqyclean, optitype, whatshap
[2023-06-21 15:08:41,813] multiqc                                            [DEBUG  ]  Using temporary directory for creating report: C:\Users\Mahahax\AppData\Local\Temp\tmppuwshz3m
[2023-06-21 15:08:42,054] multiqc                                            [INFO   ]  Search path : D:\Uni\Tübingen\A07\material\Task 3c
[2023-06-21 15:08:42,761] multiqc                                            [DEBUG  ]  Summary of files that were skipped by the search: [skipped_module_specific_max_filesize: 66] // [skipped_no_match: 6]
[2023-06-21 15:08:43,933] multiqc.plots.bargraph                             [DEBUG  ]  Using matplotlib version 3.5.1
[2023-06-21 15:08:43,935] multiqc.plots.linegraph                            [DEBUG  ]  Using matplotlib version 3.5.1
[2023-06-21 15:08:43,936] multiqc                                            [DEBUG  ]  No samples found: custom_content
[2023-06-21 15:08:43,952] multiqc.modules.fastqc.fastqc                      [INFO   ]  Found 6 reports
[2023-06-21 15:08:43,978] multiqc.modules.fastqc.fastqc                      [DEBUG  ]  Couldn't find data for run11, invalid Key
[2023-06-21 15:08:43,978] multiqc.modules.fastqc.fastqc                      [DEBUG  ]  Couldn't find data for run31, invalid Key
[2023-06-21 15:08:44,134] multiqc                                            [INFO   ]  Compressing plot data
[2023-06-21 15:08:44,178] multiqc                                            [INFO   ]  Report      : multiqc_report.html
[2023-06-21 15:08:44,179] multiqc                                            [INFO   ]  Data        : multiqc_data
[2023-06-21 15:08:44,180] multiqc                                            [DEBUG  ]  Moving data file from 'C:\Users\Mahahax\AppData\Local\Temp\tmppuwshz3m\multiqc_data' to 'D:\Uni\Tübingen\A07\material\Task 3c\multiqc_data'
[2023-06-21 15:08:45,369] multiqc                                            [INFO   ]  MultiQC complete
